<?xml version="1.0" encoding="UTF-8"?>
<!-- Generated by org.testng.reporters.JUnitReportReporter -->
<testsuite hostname="LAPTOP-5HLQLFFC" failures="0" tests="1" name="org.network.Wifi" time="0.014" errors="0" timestamp="2022-08-27T17:29:28 IST" skipped="0">
  <testcase classname="org.network.Wifi" name="wifiName" time="0.014"/>
  <system-out/>
</testsuite> <!-- org.network.Wifi -->
